<?xml version="1.0" encoding="UTF-8"?>
<testng-results ignored="0" total="1" passed="1" failed="0" skipped="0">
  <reporter-output>
  </reporter-output>
  <suite started-at="2023-03-27T09:09:02Z" name="Surefire suite" finished-at="2023-03-27T09:09:03Z" duration-ms="104">
    <groups>
    </groups>
    <test started-at="2023-03-27T09:09:02Z" name="Surefire test" finished-at="2023-03-27T09:09:03Z" duration-ms="104">
      <class name="Testriq.BBC.AppTest">
        <test-method signature="shouldAnswerWithTrue()" started-at="2023-03-27T09:09:03Z" name="shouldAnswerWithTrue" finished-at="2023-03-27T09:09:03Z" duration-ms="10" status="PASS">
          <reporter-output>
          </reporter-output>
        </test-method> <!-- shouldAnswerWithTrue -->
      </class> <!-- Testriq.BBC.AppTest -->
    </test> <!-- Surefire test -->
  </suite> <!-- Surefire suite -->
</testng-results>
