<?xml version="1.0" encoding="UTF-8"?>
<testng-results ignored="0" total="1" passed="1" failed="0" skipped="0">
  <reporter-output>
  </reporter-output>
  <suite started-at="2023-03-27T09:07:34Z" name="Surefire suite" finished-at="2023-03-27T09:09:00Z" duration-ms="86120">
    <groups>
    </groups>
    <test started-at="2023-03-27T09:07:34Z" name="Surefire test" finished-at="2023-03-27T09:09:00Z" duration-ms="86120">
      <class name="Testriq.BBC.BbcTest">
        <test-method is-config="true" signature="init()[pri:0, instance:Testriq.BBC.BbcTest@77888435]" started-at="2023-03-27T09:07:34Z" name="init" finished-at="2023-03-27T09:07:46Z" duration-ms="11493" status="PASS">
          <reporter-output>
          </reporter-output>
        </test-method> <!-- init -->
        <test-method signature="testBBC()[pri:1, instance:Testriq.BBC.BbcTest@77888435]" started-at="2023-03-27T09:07:46Z" name="testBBC" finished-at="2023-03-27T09:08:59Z" duration-ms="73137" status="PASS">
          <reporter-output>
          </reporter-output>
        </test-method> <!-- testBBC -->
        <test-method is-config="true" signature="tearDown()[pri:0, instance:Testriq.BBC.BbcTest@77888435]" started-at="2023-03-27T09:08:59Z" name="tearDown" finished-at="2023-03-27T09:09:00Z" duration-ms="1446" status="PASS">
          <reporter-output>
          </reporter-output>
        </test-method> <!-- tearDown -->
      </class> <!-- Testriq.BBC.BbcTest -->
    </test> <!-- Surefire test -->
  </suite> <!-- Surefire suite -->
</testng-results>
