<?xml version="1.0" encoding="UTF-8"?>
<testsuite xmlns:xsi="http://www.w3.org/2001/XMLSchema-instance" xsi:noNamespaceSchemaLocation="https://maven.apache.org/surefire/maven-surefire-plugin/xsd/surefire-test-report.xsd" name="TestSuite" time="89.254" tests="2" errors="0" skipped="0" failures="0">
  <properties>
[...]
</properties>
  <testcase name="testBBC" classname="Testriq.BBC.BbcTest" time="73.139"/>
  <testcase name="shouldAnswerWithTrue on shouldAnswerWithTrue(Testriq.BBC.AppTest)" classname="Testriq.BBC.AppTest" time="0.002"/>
</testsuite>