<?xml version="1.0" encoding="UTF-8"?>
<testng-results skipped="0" failed="0" ignored="0" total="1" passed="1">
  <reporter-output>
  </reporter-output>
  <suite name="Default suite" duration-ms="24" started-at="2022-06-22T04:19:22Z" finished-at="2022-06-22T04:19:22Z">
    <groups>
    </groups>
    <test name="Default test" duration-ms="24" started-at="2022-06-22T04:19:22Z" finished-at="2022-06-22T04:19:22Z">
      <class name="corejava.Log4jDemo">
        <test-method status="PASS" signature="log4jTest()[pri:0, instance:corejava.Log4jDemo@47af7f3d]" name="log4jTest" duration-ms="12" started-at="2022-06-22T04:19:22Z" finished-at="2022-06-22T04:19:22Z">
          <reporter-output>
          </reporter-output>
        </test-method> <!-- log4jTest -->
      </class> <!-- corejava.Log4jDemo -->
    </test> <!-- Default test -->
  </suite> <!-- Default suite -->
</testng-results>
